2025-09-23 19:08:42,923 - INFO - Driver Chrome configurado com sucesso
2025-09-23 19:08:42,925 - INFO - Acessando página de login...
2025-09-23 19:08:50,501 - INFO - Login realizado com sucesso!
2025-09-23 19:08:50,502 - INFO - Selecionando empresa...
2025-09-23 19:08:54,034 - INFO - Empresa selecionada com sucesso!
2025-09-23 19:08:54,034 - INFO - Login realizado com sucesso
2025-09-23 19:13:24,216 - INFO - Iniciando coletor com Selenium
2025-09-23 19:13:24,216 - INFO - Tentativa 1/3
2025-09-23 19:13:52,107 - INFO - Driver Chrome configurado com sucesso
2025-09-23 19:13:52,109 - INFO - Acessando página de login...
2025-09-23 19:13:58,813 - INFO - Login realizado com sucesso!
2025-09-23 19:13:58,814 - INFO - Selecionando empresa...
2025-09-23 19:14:01,403 - INFO - Empresa selecionada com sucesso!
2025-09-23 19:14:01,403 - INFO - Login realizado com sucesso
2025-09-23 19:14:01,403 - INFO - Navegando para página de relatórios...
2025-09-23 19:14:04,323 - INFO - Página de relatórios carregada
2025-09-23 19:14:04,410 - INFO - Coletando dados do período: 01/09/2025 até 30/09/2025
2025-09-23 19:14:04,410 - INFO - Aplicando filtros: 01/09/2025 até 30/09/2025
2025-09-23 19:14:09,106 - INFO - Filtros aplicados com sucesso
2025-09-23 19:14:09,106 - INFO - Iniciando exportação...
2025-09-23 19:14:09,617 - INFO - Aguardando o download do arquivo...
2025-09-23 19:15:13,827 - INFO - Download concluído: /home/ubuntu/tmp/downloads/checklist-1758654912128.xls
2025-09-23 19:15:13,828 - INFO - Processando arquivo: /home/ubuntu/tmp/downloads/checklist-1758654912128.xls
2025-09-23 19:15:13,828 - INFO - Tamanho do arquivo: 3111424 bytes
2025-09-23 19:15:13,845 - WARNING - Falha ao ler com pyxlsb: Missing optional dependency 'pyxlsb'.  Use pip or conda to install pyxlsb.
2025-09-23 19:15:14,714 - INFO - Arquivo .xls lido com xlrd (ignore corruption). Linhas: 8385
2025-09-23 19:15:27,931 - INFO - Dados salvos em: /home/ubuntu/tmp/backend/exportacao.xlsx
2025-09-23 19:15:27,931 - INFO - Dados processados com sucesso
2025-09-23 19:15:27,933 - INFO - Gerando arquivo faltando.json...
2025-09-23 19:15:27,933 - INFO - Lendo dados do exportacao.xlsx...
2025-09-23 19:15:37,108 - INFO - Atualizando colunas A:J na guia MSPRO_DB do cronograma_lc.xlsx...
2025-09-23 19:15:44,899 - INFO - Dados atualizados na guia MSPRO_DB: 8384 linhas em colunas A:J
2025-09-23 19:15:55,040 - INFO - Processando cronograma para Tuesday (2025-09-23)
2025-09-23 19:15:55,040 - INFO - Usando coluna índice 24 do cronograma
2025-09-23 19:15:55,144 - INFO - Processando turno T1...
2025-09-23 19:15:56,810 - INFO - Usando coluna 'Data/Hora de Início' com ajuste de turno T1 para filtrar leituras
2025-09-23 19:15:56,810 - INFO - Encontradas 103 leituras ajustadas para hoje no turno T1
2025-09-23 19:15:56,811 - INFO - QR codes lidos hoje para T1: 84
2025-09-23 19:15:56,813 - INFO - Turno T1: 3 ambientes faltantes
2025-09-23 19:15:56,814 - INFO - Processando turno T2...
2025-09-23 19:15:58,330 - INFO - Usando coluna 'Data/Hora de Início' com ajuste de turno T2 para filtrar leituras
2025-09-23 19:15:58,330 - INFO - Encontradas 247 leituras ajustadas para hoje no turno T2
2025-09-23 19:15:58,331 - INFO - QR codes lidos hoje para T2: 224
2025-09-23 19:15:58,402 - INFO - Turno T2: 52 ambientes faltantes
2025-09-23 19:15:58,402 - INFO - Processando turno T3...
2025-09-23 19:15:59,914 - INFO - Usando coluna 'Data/Hora de Início' com ajuste de turno T3 para filtrar leituras
2025-09-23 19:15:59,915 - INFO - Encontradas 24 leituras ajustadas para hoje no turno T3
2025-09-23 19:15:59,915 - INFO - QR codes lidos hoje para T3: 24
2025-09-23 19:15:59,939 - INFO - Turno T3: 162 ambientes faltantes
2025-09-23 19:15:59,939 - INFO - Processando turno T2E...
2025-09-23 19:16:01,718 - INFO - Usando coluna 'Data/Hora de Início' com ajuste de turno T2E para filtrar leituras
2025-09-23 19:16:01,718 - INFO - Encontradas 270 leituras ajustadas para hoje no turno T2E
2025-09-23 19:16:01,719 - INFO - QR codes lidos hoje para T2E: 234
2025-09-23 19:16:01,736 - INFO - Turno T2E: 36 ambientes faltantes
2025-09-23 19:16:01,736 - INFO - Processando turno T3E...
2025-09-23 19:16:03,320 - INFO - Usando coluna 'Data/Hora de Início' com ajuste de turno T3E para filtrar leituras
2025-09-23 19:16:03,321 - INFO - Encontradas 1 leituras ajustadas para hoje no turno T3E
2025-09-23 19:16:03,321 - INFO - QR codes lidos hoje para T3E: 1
2025-09-23 19:16:03,341 - INFO - Turno T3E: 141 ambientes faltantes
2025-09-23 19:16:03,400 - INFO - Arquivo /home/ubuntu/tmp/faltando.json gerado com sucesso
2025-09-23 19:16:03,400 - INFO - Iniciando upload para GitHub...
2025-09-23 19:16:03,436 - ERROR - Erro ao inicializar repositório Git: /home/ubuntu/tmp
2025-09-23 19:16:03,437 - INFO - Iniciando sincronização do repositório...
2025-09-23 19:16:03,437 - INFO - Inicializando repositório Git...
2025-09-23 19:16:03,530 - INFO - Remote origin configurado com SSH
2025-09-23 19:16:03,531 - INFO - Fazendo pull da branch master...
2025-09-23 19:16:16,586 - ERROR - Erro no comando Git durante pull: Cmd('git') failed due to: exit code(1)
  cmdline: git pull -v -- origin master
  stderr: 'fatal: Could not read from remote repository.'
2025-09-23 19:16:16,593 - INFO - Arquivo adicionado: faltando.json
2025-09-23 19:16:16,593 - ERROR - Erro ao fazer commit: Ref 'HEAD' did not resolve to an object
2025-09-23 19:16:16,593 - WARNING - Falha no upload para GitHub, mas faltando.json foi gerado localmente
2025-09-23 19:16:16,597 - INFO - Limpando pasta de downloads...
2025-09-23 19:16:16,599 - INFO - Arquivo removido: checklist-1758654912128.xls
2025-09-23 19:16:16,600 - INFO - Limpeza da pasta downloads concluída
2025-09-23 19:16:16,600 - INFO - Coleta realizada com sucesso
2025-09-23 19:16:18,529 - INFO - Driver fechado
2025-09-23 19:16:18,529 - INFO - Coleta concluída com sucesso
